<?xml version="1.0" encoding="UTF-8"?>
<!-- Generated by org.testng.reporters.JUnitReportReporter -->
<testsuite hostname="Kishore-PC" failures="0" tests="3" name="com.example.demo.tdd.LoginUITest" time="3.380" errors="0" timestamp="28 Mar 2020 07:05:26 GMT" skipped="1">
  <testcase classname="com.example.demo.tdd.LoginUITest" name="ValidLogin" time="1.750"/>
  <testcase classname="com.example.demo.tdd.LoginUITest" name="ValidLogin" time="1.630"/>
  <testcase classname="com.example.demo.tdd.LoginUITest" name="TxnMoney">
    <skipped/>
  </testcase> <!-- TxnMoney -->
</testsuite> <!-- com.example.demo.tdd.LoginUITest -->
