<?xml version="1.0" encoding="UTF-8"?>
<!-- Generated by org.testng.reporters.JUnitReportReporter -->
<testsuite hostname="Kishore-PC" failures="0" tests="9" name="com.example.demo.tdd.LoginUITest" time="7.157" errors="0" timestamp="31 Mar 2020 06:57:44 GMT" skipped="3">
  <testcase classname="com.example.demo.tdd.LoginUITest" name="ValidLogin" time="2.091"/>
  <testcase classname="com.example.demo.tdd.LoginUITest" name="ValidLogin" time="0.656"/>
  <testcase classname="com.example.demo.tdd.LoginUITest" name="ValidLogin" time="0.759"/>
  <testcase classname="com.example.demo.tdd.LoginUITest" name="ValidLogin" time="0.755"/>
  <testcase classname="com.example.demo.tdd.LoginUITest" name="ValidLogin" time="0.595"/>
  <testcase classname="com.example.demo.tdd.LoginUITest" name="ValidLogin" time="2.301"/>
  <testcase classname="com.example.demo.tdd.LoginUITest" name="TxnMoney">
    <skipped/>
  </testcase> <!-- TxnMoney -->
  <testcase classname="com.example.demo.tdd.LoginUITest" name="TxnMoney">
    <skipped/>
  </testcase> <!-- TxnMoney -->
  <testcase classname="com.example.demo.tdd.LoginUITest" name="TxnMoney">
    <skipped/>
  </testcase> <!-- TxnMoney -->
</testsuite> <!-- com.example.demo.tdd.LoginUITest -->
