<?xml version="1.0" encoding="UTF-8"?>
<!-- Generated by org.testng.reporters.JUnitReportReporter -->
<testsuite hostname="Kishore-PC" failures="0" tests="2" name="com.example.demo.tdd.LoginUITest" time="3.253" errors="0" timestamp="26 Mar 2020 01:41:01 GMT" skipped="0">
  <testcase classname="com.example.demo.tdd.LoginUITest" name="ValidLogin" time="0.881"/>
  <testcase classname="com.example.demo.tdd.LoginUITest" name="TxnMoney" time="2.372"/>
</testsuite> <!-- com.example.demo.tdd.LoginUITest -->
